# JRE version: OpenJDK Runtime Environment (11.0.1+13) (build 11.0.1+13-Ubuntu-3ubuntu3.18.10.1)
# Java VM: OpenJDK 64-Bit Server VM (11.0.1+13-Ubuntu-3ubuntu3.18.10.1, mixed mode, sharing, tiered, compressed oops, g1 gc, linux-amd64)
Heap:
 garbage-first heap   total 326656K, used 271035K [0x00000000c0000000, 0x0000000100000000)
  region size 1024K, 141 young (144384K), 7 survivors (7168K)
 Metaspace       used 149923K, capacity 164692K, committed 167268K, reserved 1196032K
  class space    used 16712K, capacity 21156K, committed 21884K, reserved 1048576K
GC Heap History (10 events):
Event: 35871.846 GC heap before
{Heap before GC invocations=1852 (full 0):
 garbage-first heap   total 326656K, used 275100K [0x00000000c0000000, 0x0000000100000000)
  region size 1024K, 143 young (146432K), 6 survivors (6144K)
 Metaspace       used 149506K, capacity 164308K, committed 166884K, reserved 1193984K
  class space    used 16671K, capacity 21092K, committed 21756K, reserved 1048576K
}
Event: 35871.853 GC heap after
{Heap after GC invocations=1853 (full 0):
 garbage-first heap   total 326656K, used 134901K [0x00000000c0000000, 0x0000000100000000)
  region size 1024K, 6 young (6144K), 6 survivors (6144K)
 Metaspace       used 149506K, capacity 164308K, committed 166884K, reserved 1193984K
  class space    used 16671K, capacity 21092K, committed 21756K, reserved 1048576K
}
Event: 36035.221 GC heap before
{Heap before GC invocations=1853 (full 0):
 garbage-first heap   total 326656K, used 277237K [0x00000000c0000000, 0x0000000100000000)
  region size 1024K, 145 young (148480K), 6 survivors (6144K)
 Metaspace       used 149512K, capacity 164308K, committed 166884K, reserved 1193984K
  class space    used 16671K, capacity 21092K, committed 21756K, reserved 1048576K
}
Event: 36035.231 GC heap after
{Heap after GC invocations=1854 (full 0):
 garbage-first heap   total 326656K, used 135118K [0x00000000c0000000, 0x0000000100000000)
  region size 1024K, 7 young (7168K), 7 survivors (7168K)
 Metaspace       used 149512K, capacity 164308K, committed 166884K, reserved 1193984K
  class space    used 16671K, capacity 21092K, committed 21756K, reserved 1048576K
}
Event: 36107.321 GC heap before
{Heap before GC invocations=1854 (full 0):
 garbage-first heap   total 326656K, used 278478K [0x00000000c0000000, 0x0000000100000000)
  region size 1024K, 147 young (150528K), 7 survivors (7168K)
 Metaspace       used 149512K, capacity 164308K, committed 166884K, reserved 1193984K
  class space    used 16671K, capacity 21092K, committed 21756K, reserved 1048576K
}
Event: 36107.328 GC heap after
{Heap after GC invocations=1855 (full 0):
 garbage-first heap   total 326656K, used 134890K [0x00000000c0000000, 0x0000000100000000)
  region size 1024K, 6 young (6144K), 6 survivors (6144K)
 Metaspace       used 149512K, capacity 164308K, committed 166884K, reserved 1193984K
  class space    used 16671K, capacity 21092K, committed 21756K, reserved 1048576K
}
Event: 49218.811 GC heap before
{Heap before GC invocations=1855 (full 0):
 garbage-first heap   total 326656K, used 279274K [0x00000000c0000000, 0x0000000100000000)
  region size 1024K, 148 young (151552K), 6 survivors (6144K)
 Metaspace       used 149526K, capacity 164308K, committed 166884K, reserved 1193984K
  class space    used 16671K, capacity 21092K, committed 21756K, reserved 1048576K
}
Event: 49218.836 GC heap after
{Heap after GC invocations=1856 (full 0):
 garbage-first heap   total 326656K, used 135694K [0x00000000c0000000, 0x0000000100000000)
  region size 1024K, 7 young (7168K), 7 survivors (7168K)
 Metaspace       used 149526K, capacity 164308K, committed 166884K, reserved 1193984K
  class space    used 16671K, capacity 21092K, committed 21756K, reserved 1048576K
}
Event: 70522.196 GC heap before
{Heap before GC invocations=1856 (full 0):
 garbage-first heap   total 326656K, used 280078K [0x00000000c0000000, 0x0000000100000000)
  region size 1024K, 149 young (152576K), 7 survivors (7168K)
 Metaspace       used 149549K, capacity 164308K, committed 166884K, reserved 1193984K
  class space    used 16671K, capacity 21092K, committed 21756K, reserved 1048576K
}
Event: 70522.204 GC heap after
{Heap after GC invocations=1857 (full 0):
 garbage-first heap   total 326656K, used 135867K [0x00000000c0000000, 0x0000000100000000)
  region size 1024K, 7 young (7168K), 7 survivors (7168K)
 Metaspace       used 149549K, capacity 164308K, committed 166884K, reserved 1193984K
  class space    used 16671K, capacity 21092K, committed 21756K, reserved 1048576K
}

